<?xml version="1.0" encoding="UTF-8"?>
<testng-results skipped="0" failed="0" ignored="0" total="0" passed="0">
  <reporter-output>
  </reporter-output>
  <suite name="resources.TestDataBuild" duration-ms="2" started-at="2021-05-09T06:49:13Z" finished-at="2021-05-09T06:49:13Z">
    <groups>
    </groups>
    <test name="Command line test" duration-ms="2" started-at="2021-05-09T06:49:13Z" finished-at="2021-05-09T06:49:13Z">
    </test> <!-- Command line test -->
  </suite> <!-- resources.TestDataBuild -->
</testng-results>
